2018-11-14 04:24:18,521 ERROR 17448 nodejs.ClusterClientNoResponseError: client no response in 10797816ms exceeding maxIdleTime 60000ms, maybe the connection is close on other side.
    at Timeout.Leader._heartbeatTimer.setInterval [as _onTimeout] (D:\H5project\2018\katoto_eggList\node_modules\cluster-client\lib\leader.js:74:23)
    at ontimeout (timers.js:475:11)
    at tryOnTimeout (timers.js:310:5)
    at Timer.listOnTimeout (timers.js:270:5)
name: "ClusterClientNoResponseError"
pid: 17448
hostname: LAPTOP-236D5NH2

2018-11-14 19:57:34,592 ERROR 17448 nodejs.ClusterClientNoResponseError: client no response in 55974690ms exceeding maxIdleTime 60000ms, maybe the connection is close on other side.
    at Timeout.Leader._heartbeatTimer.setInterval [as _onTimeout] (D:\H5project\2018\katoto_eggList\node_modules\cluster-client\lib\leader.js:74:23)
    at ontimeout (timers.js:475:11)
    at tryOnTimeout (timers.js:310:5)
    at Timer.listOnTimeout (timers.js:270:5)
name: "ClusterClientNoResponseError"
pid: 17448
hostname: LAPTOP-236D5NH2

2018-11-14 21:23:29,587 ERROR 17448 nodejs.ClusterClientNoResponseError: client no response in 752692ms exceeding maxIdleTime 60000ms, maybe the connection is close on other side.
    at Timeout.Leader._heartbeatTimer.setInterval [as _onTimeout] (D:\H5project\2018\katoto_eggList\node_modules\cluster-client\lib\leader.js:74:23)
    at ontimeout (timers.js:475:11)
    at tryOnTimeout (timers.js:310:5)
    at Timer.listOnTimeout (timers.js:270:5)
name: "ClusterClientNoResponseError"
pid: 17448
hostname: LAPTOP-236D5NH2

2018-11-19 17:45:48,341 ERROR 17200 [-/127.0.0.1/-/2ms GET /iqiyiTvMsg] nodejs.ReferenceError: music is not defined
    at msgListController.iqiyiTvMsg (D:\H5project\2018\eggDemo2\egg-example\katoto_eggList\app\controller\msgList.js:31:17)
    at Object.callFn (D:\H5project\2018\eggDemo2\egg-example\katoto_eggList\node_modules\egg-core\lib\utils\index.js:36:21)
    at Object.classControllerMiddleware (D:\H5project\2018\eggDemo2\egg-example\katoto_eggList\node_modules\egg-core\lib\loader\mixin\controller.js:87:20)
    at Object.callFn (D:\H5project\2018\eggDemo2\egg-example\katoto_eggList\node_modules\egg-core\lib\utils\index.js:36:21)
    at wrappedController (D:\H5project\2018\eggDemo2\egg-example\katoto_eggList\node_modules\egg-core\lib\utils\router.js:322:18)
    at dispatch (D:\H5project\2018\eggDemo2\egg-example\katoto_eggList\node_modules\koa-router\node_modules\koa-compose\index.js:44:32)
    at next (D:\H5project\2018\eggDemo2\egg-example\katoto_eggList\node_modules\koa-router\node_modules\koa-compose\index.js:45:18)
    at D:\H5project\2018\eggDemo2\egg-example\katoto_eggList\node_modules\koa-router\lib\router.js:346:16
    at dispatch (D:\H5project\2018\eggDemo2\egg-example\katoto_eggList\node_modules\koa-router\node_modules\koa-compose\index.js:44:32)
    at D:\H5project\2018\eggDemo2\egg-example\katoto_eggList\node_modules\koa-router\node_modules\koa-compose\index.js:36:12
    at dispatch (D:\H5project\2018\eggDemo2\egg-example\katoto_eggList\node_modules\koa-router\lib\router.js:351:31)
    at dispatch (D:\H5project\2018\eggDemo2\egg-example\katoto_eggList\node_modules\koa-compose\index.js:42:32)
    at D:\H5project\2018\eggDemo2\egg-example\katoto_eggList\node_modules\egg-development\app\middleware\egg_loader_trace.js:9:56
    at dispatch (D:\H5project\2018\eggDemo2\egg-example\katoto_eggList\node_modules\koa-compose\index.js:42:32)
    at i18n (D:\H5project\2018\eggDemo2\egg-example\katoto_eggList\node_modules\egg-i18n\app\middleware\i18n.js:13:12)
    at dispatch (D:\H5project\2018\eggDemo2\egg-example\katoto_eggList\node_modules\koa-compose\index.js:42:32)

pid: 17200
hostname: xiezg-pc

2018-11-19 17:46:41,661 ERROR 19176 nodejs.unhandledExceptionError: read ECONNRESET
    at TCP.onread (net.js:660:25)
errno: "ECONNRESET"
code: "ECONNRESET"
syscall: "read"
name: "unhandledExceptionError"
pid: 19176
hostname: xiezg-pc

2018-11-19 17:46:44,490 ERROR 18152 [-/127.0.0.1/-/8ms GET /iqiyiTvMsg] nodejs.ReferenceError: music is not defined
    at msgListController.iqiyiTvMsg (D:\H5project\2018\eggDemo2\egg-example\katoto_eggList\app\controller\msgList.js:32:17)
    at Object.callFn (D:\H5project\2018\eggDemo2\egg-example\katoto_eggList\node_modules\egg-core\lib\utils\index.js:36:21)
    at Object.classControllerMiddleware (D:\H5project\2018\eggDemo2\egg-example\katoto_eggList\node_modules\egg-core\lib\loader\mixin\controller.js:87:20)
    at Object.callFn (D:\H5project\2018\eggDemo2\egg-example\katoto_eggList\node_modules\egg-core\lib\utils\index.js:36:21)
    at wrappedController (D:\H5project\2018\eggDemo2\egg-example\katoto_eggList\node_modules\egg-core\lib\utils\router.js:322:18)
    at dispatch (D:\H5project\2018\eggDemo2\egg-example\katoto_eggList\node_modules\koa-router\node_modules\koa-compose\index.js:44:32)
    at next (D:\H5project\2018\eggDemo2\egg-example\katoto_eggList\node_modules\koa-router\node_modules\koa-compose\index.js:45:18)
    at D:\H5project\2018\eggDemo2\egg-example\katoto_eggList\node_modules\koa-router\lib\router.js:346:16
    at dispatch (D:\H5project\2018\eggDemo2\egg-example\katoto_eggList\node_modules\koa-router\node_modules\koa-compose\index.js:44:32)
    at D:\H5project\2018\eggDemo2\egg-example\katoto_eggList\node_modules\koa-router\node_modules\koa-compose\index.js:36:12
    at dispatch (D:\H5project\2018\eggDemo2\egg-example\katoto_eggList\node_modules\koa-router\lib\router.js:351:31)
    at dispatch (D:\H5project\2018\eggDemo2\egg-example\katoto_eggList\node_modules\koa-compose\index.js:42:32)
    at D:\H5project\2018\eggDemo2\egg-example\katoto_eggList\node_modules\egg-development\app\middleware\egg_loader_trace.js:9:56
    at dispatch (D:\H5project\2018\eggDemo2\egg-example\katoto_eggList\node_modules\koa-compose\index.js:42:32)
    at i18n (D:\H5project\2018\eggDemo2\egg-example\katoto_eggList\node_modules\egg-i18n\app\middleware\i18n.js:13:12)
    at dispatch (D:\H5project\2018\eggDemo2\egg-example\katoto_eggList\node_modules\koa-compose\index.js:42:32)

pid: 18152
hostname: xiezg-pc

2018-11-19 17:46:47,532 ERROR 22148 [-/127.0.0.1/-/7ms GET /iqiyiTvMsg] nodejs.ReferenceError: music is not defined
    at msgListController.iqiyiTvMsg (D:\H5project\2018\eggDemo2\egg-example\katoto_eggList\app\controller\msgList.js:32:17)
    at Object.callFn (D:\H5project\2018\eggDemo2\egg-example\katoto_eggList\node_modules\egg-core\lib\utils\index.js:36:21)
    at Object.classControllerMiddleware (D:\H5project\2018\eggDemo2\egg-example\katoto_eggList\node_modules\egg-core\lib\loader\mixin\controller.js:87:20)
    at Object.callFn (D:\H5project\2018\eggDemo2\egg-example\katoto_eggList\node_modules\egg-core\lib\utils\index.js:36:21)
    at wrappedController (D:\H5project\2018\eggDemo2\egg-example\katoto_eggList\node_modules\egg-core\lib\utils\router.js:322:18)
    at dispatch (D:\H5project\2018\eggDemo2\egg-example\katoto_eggList\node_modules\koa-router\node_modules\koa-compose\index.js:44:32)
    at next (D:\H5project\2018\eggDemo2\egg-example\katoto_eggList\node_modules\koa-router\node_modules\koa-compose\index.js:45:18)
    at D:\H5project\2018\eggDemo2\egg-example\katoto_eggList\node_modules\koa-router\lib\router.js:346:16
    at dispatch (D:\H5project\2018\eggDemo2\egg-example\katoto_eggList\node_modules\koa-router\node_modules\koa-compose\index.js:44:32)
    at D:\H5project\2018\eggDemo2\egg-example\katoto_eggList\node_modules\koa-router\node_modules\koa-compose\index.js:36:12
    at dispatch (D:\H5project\2018\eggDemo2\egg-example\katoto_eggList\node_modules\koa-router\lib\router.js:351:31)
    at dispatch (D:\H5project\2018\eggDemo2\egg-example\katoto_eggList\node_modules\koa-compose\index.js:42:32)
    at D:\H5project\2018\eggDemo2\egg-example\katoto_eggList\node_modules\egg-development\app\middleware\egg_loader_trace.js:9:56
    at dispatch (D:\H5project\2018\eggDemo2\egg-example\katoto_eggList\node_modules\koa-compose\index.js:42:32)
    at i18n (D:\H5project\2018\eggDemo2\egg-example\katoto_eggList\node_modules\egg-i18n\app\middleware\i18n.js:13:12)
    at dispatch (D:\H5project\2018\eggDemo2\egg-example\katoto_eggList\node_modules\koa-compose\index.js:42:32)

pid: 22148
hostname: xiezg-pc

2018-11-19 17:46:55,029 ERROR 22148 [-/127.0.0.1/-/2ms GET /iqiyiTvMsg] nodejs.ReferenceError: music is not defined
    at msgListController.iqiyiTvMsg (D:\H5project\2018\eggDemo2\egg-example\katoto_eggList\app\controller\msgList.js:32:17)
    at Object.callFn (D:\H5project\2018\eggDemo2\egg-example\katoto_eggList\node_modules\egg-core\lib\utils\index.js:36:21)
    at Object.classControllerMiddleware (D:\H5project\2018\eggDemo2\egg-example\katoto_eggList\node_modules\egg-core\lib\loader\mixin\controller.js:87:20)
    at Object.callFn (D:\H5project\2018\eggDemo2\egg-example\katoto_eggList\node_modules\egg-core\lib\utils\index.js:36:21)
    at wrappedController (D:\H5project\2018\eggDemo2\egg-example\katoto_eggList\node_modules\egg-core\lib\utils\router.js:322:18)
    at dispatch (D:\H5project\2018\eggDemo2\egg-example\katoto_eggList\node_modules\koa-router\node_modules\koa-compose\index.js:44:32)
    at next (D:\H5project\2018\eggDemo2\egg-example\katoto_eggList\node_modules\koa-router\node_modules\koa-compose\index.js:45:18)
    at D:\H5project\2018\eggDemo2\egg-example\katoto_eggList\node_modules\koa-router\lib\router.js:346:16
    at dispatch (D:\H5project\2018\eggDemo2\egg-example\katoto_eggList\node_modules\koa-router\node_modules\koa-compose\index.js:44:32)
    at D:\H5project\2018\eggDemo2\egg-example\katoto_eggList\node_modules\koa-router\node_modules\koa-compose\index.js:36:12
    at dispatch (D:\H5project\2018\eggDemo2\egg-example\katoto_eggList\node_modules\koa-router\lib\router.js:351:31)
    at dispatch (D:\H5project\2018\eggDemo2\egg-example\katoto_eggList\node_modules\koa-compose\index.js:42:32)
    at D:\H5project\2018\eggDemo2\egg-example\katoto_eggList\node_modules\egg-development\app\middleware\egg_loader_trace.js:9:56
    at dispatch (D:\H5project\2018\eggDemo2\egg-example\katoto_eggList\node_modules\koa-compose\index.js:42:32)
    at i18n (D:\H5project\2018\eggDemo2\egg-example\katoto_eggList\node_modules\egg-i18n\app\middleware\i18n.js:13:12)
    at dispatch (D:\H5project\2018\eggDemo2\egg-example\katoto_eggList\node_modules\koa-compose\index.js:42:32)

pid: 22148
hostname: xiezg-pc

2018-11-19 17:57:53,789 ERROR 19176 nodejs.unhandledExceptionError: read ECONNRESET
    at TCP.onread (net.js:660:25)
errno: "ECONNRESET"
code: "ECONNRESET"
syscall: "read"
name: "unhandledExceptionError"
pid: 19176
hostname: xiezg-pc

2018-11-19 18:01:37,814 ERROR 19176 nodejs.unhandledExceptionError: read ECONNRESET
    at TCP.onread (net.js:660:25)
errno: "ECONNRESET"
code: "ECONNRESET"
syscall: "read"
name: "unhandledExceptionError"
pid: 19176
hostname: xiezg-pc

2018-11-19 21:53:30,235 ERROR 1200 nodejs.unhandledExceptionError: read ECONNRESET
    at _errnoException (util.js:1024:11)
    at TCP.onread (net.js:615:25)
code: "ECONNRESET"
errno: "ECONNRESET"
syscall: "read"
name: "unhandledExceptionError"
pid: 1200
hostname: LAPTOP-236D5NH2

2018-11-19 22:06:08,494 ERROR 11996 [-/127.0.0.1/-/191ms GET /iqiyiTvMsg?tvid=216274801] nodejs.ReferenceError: decoder is not defined
    at msgListService.iqiyi_tvMsg (D:\H5project\2018\katoto_eggList\app\service\msgList.js:22:26)
    at <anonymous>
    at process._tickCallback (internal/process/next_tick.js:188:7)

pid: 11996
hostname: LAPTOP-236D5NH2

2018-11-19 22:07:58,206 ERROR 10224 [-/127.0.0.1/-/162ms GET /iqiyiTvMsg?tvid=216274801] nodejs.ReferenceError: arrayBufferToString is not defined
    at msgListService.iqiyi_tvMsg (D:\H5project\2018\katoto_eggList\app\service\msgList.js:22:13)
    at <anonymous>
    at process._tickCallback (internal/process/next_tick.js:188:7)

pid: 10224
hostname: LAPTOP-236D5NH2

2018-11-19 22:08:10,828 ERROR 2396 [-/127.0.0.1/-/166ms GET /iqiyiTvMsg?tvid=216274801] nodejs.ReferenceError: arrayBufferToString is not defined
    at msgListService.iqiyi_tvMsg (D:\H5project\2018\katoto_eggList\app\service\msgList.js:22:13)
    at <anonymous>
    at process._tickCallback (internal/process/next_tick.js:188:7)

pid: 2396
hostname: LAPTOP-236D5NH2

2018-11-19 22:08:24,119 ERROR 15392 [-/127.0.0.1/-/201ms GET /iqiyiTvMsg?tvid=216274801] nodejs.ReferenceError: Blob is not defined
    at msgListService.arrayBufferToString (D:\H5project\2018\katoto_eggList\app\service\msgList.js:27:20)
    at msgListService.iqiyi_tvMsg (D:\H5project\2018\katoto_eggList\app\service\msgList.js:22:18)
    at <anonymous>
    at process._tickCallback (internal/process/next_tick.js:188:7)

pid: 15392
hostname: LAPTOP-236D5NH2

2018-11-19 22:11:05,050 ERROR 1316 [-/127.0.0.1/-/184ms GET /iqiyiTvMsg?tvid=216274801] nodejs.ReferenceError: arrayBufferToString is not defined
    at msgListService.iqiyi_tvMsg (D:\H5project\2018\katoto_eggList\app\service\msgList.js:22:13)
    at <anonymous>
    at process._tickCallback (internal/process/next_tick.js:188:7)

pid: 1316
hostname: LAPTOP-236D5NH2

2018-11-19 22:11:44,347 ERROR 12848 [-/127.0.0.1/-/177ms GET /iqiyiTvMsg?tvid=216274801] nodejs.TypeError: result.data.toSting is not a function
    at msgListService.iqiyi_tvMsg (D:\H5project\2018\katoto_eggList\app\service\msgList.js:23:37)
    at <anonymous>
    at process._tickCallback (internal/process/next_tick.js:188:7)

pid: 12848
hostname: LAPTOP-236D5NH2

2018-11-19 22:11:46,907 ERROR 1200 nodejs.unhandledExceptionError: read ECONNRESET
    at _errnoException (util.js:1024:11)
    at TCP.onread (net.js:615:25)
code: "ECONNRESET"
errno: "ECONNRESET"
syscall: "read"
name: "unhandledExceptionError"
pid: 1200
hostname: LAPTOP-236D5NH2

2018-11-19 22:12:05,665 ERROR 16400 [-/127.0.0.1/-/224ms GET /iqiyiTvMsg?tvid=216274801] nodejs.TypeError: result.data.toSting is not a function
    at msgListService.iqiyi_tvMsg (D:\H5project\2018\katoto_eggList\app\service\msgList.js:23:37)
    at <anonymous>
    at process._tickCallback (internal/process/next_tick.js:188:7)

pid: 16400
hostname: LAPTOP-236D5NH2

2018-11-19 22:15:38,082 ERROR 17256 [-/127.0.0.1/-/15ms GET /iqiyiTvMsg?tvid=216274801] nodejs.ReferenceError: text is not defined
    at msgListService.iqiyi_tvMsg (D:\H5project\2018\katoto_eggList\app\service\msgList.js:20:204)
    at msgListController.iqiyiTvMsg (D:\H5project\2018\katoto_eggList\app\controller\msgList.js:24:47)
    at Object.callFn (D:\H5project\2018\katoto_eggList\node_modules\egg-core\lib\utils\index.js:36:21)
    at Object.classControllerMiddleware (D:\H5project\2018\katoto_eggList\node_modules\egg-core\lib\loader\mixin\controller.js:87:20)
    at Object.callFn (D:\H5project\2018\katoto_eggList\node_modules\egg-core\lib\utils\index.js:36:21)
    at wrappedController (D:\H5project\2018\katoto_eggList\node_modules\egg-core\lib\utils\router.js:322:18)
    at dispatch (D:\H5project\2018\katoto_eggList\node_modules\koa-router\node_modules\koa-compose\index.js:44:32)
    at next (D:\H5project\2018\katoto_eggList\node_modules\koa-router\node_modules\koa-compose\index.js:45:18)
    at D:\H5project\2018\katoto_eggList\node_modules\koa-router\lib\router.js:346:16
    at dispatch (D:\H5project\2018\katoto_eggList\node_modules\koa-router\node_modules\koa-compose\index.js:44:32)
    at D:\H5project\2018\katoto_eggList\node_modules\koa-router\node_modules\koa-compose\index.js:36:12
    at dispatch (D:\H5project\2018\katoto_eggList\node_modules\koa-router\lib\router.js:351:31)
    at dispatch (D:\H5project\2018\katoto_eggList\node_modules\koa-compose\index.js:42:32)
    at D:\H5project\2018\katoto_eggList\node_modules\egg-development\app\middleware\egg_loader_trace.js:9:56
    at dispatch (D:\H5project\2018\katoto_eggList\node_modules\koa-compose\index.js:42:32)
    at i18n (D:\H5project\2018\katoto_eggList\node_modules\egg-i18n\app\middleware\i18n.js:13:12)

pid: 17256
hostname: LAPTOP-236D5NH2

2018-11-19 22:15:47,079 ERROR 16532 [-/127.0.0.1/-/31ms GET /iqiyiTvMsg?tvid=216274801] nodejs.ReferenceError: text is not defined
    at msgListService.iqiyi_tvMsg (D:\H5project\2018\katoto_eggList\app\service\msgList.js:20:204)
    at msgListController.iqiyiTvMsg (D:\H5project\2018\katoto_eggList\app\controller\msgList.js:24:47)
    at Object.callFn (D:\H5project\2018\katoto_eggList\node_modules\egg-core\lib\utils\index.js:36:21)
    at Object.classControllerMiddleware (D:\H5project\2018\katoto_eggList\node_modules\egg-core\lib\loader\mixin\controller.js:87:20)
    at Object.callFn (D:\H5project\2018\katoto_eggList\node_modules\egg-core\lib\utils\index.js:36:21)
    at wrappedController (D:\H5project\2018\katoto_eggList\node_modules\egg-core\lib\utils\router.js:322:18)
    at dispatch (D:\H5project\2018\katoto_eggList\node_modules\koa-router\node_modules\koa-compose\index.js:44:32)
    at next (D:\H5project\2018\katoto_eggList\node_modules\koa-router\node_modules\koa-compose\index.js:45:18)
    at D:\H5project\2018\katoto_eggList\node_modules\koa-router\lib\router.js:346:16
    at dispatch (D:\H5project\2018\katoto_eggList\node_modules\koa-router\node_modules\koa-compose\index.js:44:32)
    at D:\H5project\2018\katoto_eggList\node_modules\koa-router\node_modules\koa-compose\index.js:36:12
    at dispatch (D:\H5project\2018\katoto_eggList\node_modules\koa-router\lib\router.js:351:31)
    at dispatch (D:\H5project\2018\katoto_eggList\node_modules\koa-compose\index.js:42:32)
    at D:\H5project\2018\katoto_eggList\node_modules\egg-development\app\middleware\egg_loader_trace.js:9:56
    at dispatch (D:\H5project\2018\katoto_eggList\node_modules\koa-compose\index.js:42:32)
    at i18n (D:\H5project\2018\katoto_eggList\node_modules\egg-i18n\app\middleware\i18n.js:13:12)

pid: 16532
hostname: LAPTOP-236D5NH2

2018-11-19 22:16:43,590 ERROR 7556 [-/127.0.0.1/-/169ms GET /iqiyiTvMsg?tvid=216274801] nodejs.TypeError: result.replace is not a function
    at msgListService.iqiyi_tvMsg (D:\H5project\2018\katoto_eggList\app\service\msgList.js:21:29)
    at <anonymous>
    at process._tickCallback (internal/process/next_tick.js:188:7)

pid: 7556
hostname: LAPTOP-236D5NH2

2018-11-19 22:16:44,447 ERROR 1200 nodejs.unhandledExceptionError: read ECONNRESET
    at _errnoException (util.js:1024:11)
    at TCP.onread (net.js:615:25)
code: "ECONNRESET"
errno: "ECONNRESET"
syscall: "read"
name: "unhandledExceptionError"
pid: 1200
hostname: LAPTOP-236D5NH2

2018-11-19 22:18:16,869 ERROR 13064 [-/127.0.0.1/-/170ms GET /iqiyiTvMsg?tvid=216274801] nodejs.TypeError: result.replace is not a function
    at msgListService.iqiyi_tvMsg (D:\H5project\2018\katoto_eggList\app\service\msgList.js:21:29)
    at <anonymous>
    at process._tickCallback (internal/process/next_tick.js:188:7)

pid: 13064
hostname: LAPTOP-236D5NH2

2018-11-19 22:18:28,435 ERROR 16024 [-/127.0.0.1/-/164ms GET /iqiyiTvMsg?tvid=216274801] nodejs.TypeError: Assignment to constant variable.
    at msgListService.iqiyi_tvMsg (D:\H5project\2018\katoto_eggList\app\service\msgList.js:21:20)
    at <anonymous>
    at process._tickCallback (internal/process/next_tick.js:188:7)

pid: 16024
hostname: LAPTOP-236D5NH2

2018-11-19 22:18:58,013 ERROR 16584 [-/127.0.0.1/-/164ms GET /iqiyiTvMsg?tvid=216274801] nodejs.TypeError: Assignment to constant variable.
    at msgListService.iqiyi_tvMsg (D:\H5project\2018\katoto_eggList\app\service\msgList.js:22:20)
    at <anonymous>
    at process._tickCallback (internal/process/next_tick.js:188:7)

pid: 16584
hostname: LAPTOP-236D5NH2

2018-11-19 22:19:06,101 ERROR 16984 [-/127.0.0.1/-/181ms GET /iqiyiTvMsg?tvid=216274801] nodejs.TypeError: Assignment to constant variable.
    at msgListService.iqiyi_tvMsg (D:\H5project\2018\katoto_eggList\app\service\msgList.js:23:20)
    at <anonymous>
    at process._tickCallback (internal/process/next_tick.js:188:7)

pid: 16984
hostname: LAPTOP-236D5NH2

2018-11-19 22:19:38,509 ERROR 1200 nodejs.unhandledExceptionError: read ECONNRESET
    at _errnoException (util.js:1024:11)
    at TCP.onread (net.js:615:25)
code: "ECONNRESET"
errno: "ECONNRESET"
syscall: "read"
name: "unhandledExceptionError"
pid: 1200
hostname: LAPTOP-236D5NH2

2018-11-19 22:19:53,216 ERROR 17168 [-/127.0.0.1/-/203ms GET /iqiyiTvMsg?tvid=216274801] nodejs.TypeError: Assignment to constant variable.
    at msgListService.iqiyi_tvMsg (D:\H5project\2018\katoto_eggList\app\service\msgList.js:23:20)
    at <anonymous>
    at process._tickCallback (internal/process/next_tick.js:188:7)

pid: 17168
hostname: LAPTOP-236D5NH2

2018-11-19 22:21:35,759 ERROR 1200 nodejs.unhandledExceptionError: read ECONNRESET
    at _errnoException (util.js:1024:11)
    at TCP.onread (net.js:615:25)
code: "ECONNRESET"
errno: "ECONNRESET"
syscall: "read"
name: "unhandledExceptionError"
pid: 1200
hostname: LAPTOP-236D5NH2

2018-11-19 22:23:03,488 ERROR 17244 [-/127.0.0.1/-/174ms GET /iqiyiTvMsg?tvid=216274801] nodejs.SyntaxError: Unexpected token u in JSON at position 0
    at JSON.parse (<anonymous>)
    at msgListService.iqiyi_tvMsg (D:\H5project\2018\katoto_eggList\app\service\msgList.js:24:21)
    at <anonymous>
    at process._tickCallback (internal/process/next_tick.js:188:7)

pid: 17244
hostname: LAPTOP-236D5NH2

2018-11-19 22:23:17,053 ERROR 17244 [-/127.0.0.1/-/131ms GET /iqiyiTvMsg?tvid=216274801] nodejs.SyntaxError: Unexpected token u in JSON at position 0
    at JSON.parse (<anonymous>)
    at msgListService.iqiyi_tvMsg (D:\H5project\2018\katoto_eggList\app\service\msgList.js:24:21)
    at <anonymous>
    at process._tickCallback (internal/process/next_tick.js:188:7)

pid: 17244
hostname: LAPTOP-236D5NH2

2018-11-19 22:23:25,183 ERROR 16204 [-/127.0.0.1/-/163ms GET /iqiyiTvMsg?tvid=216274801] nodejs.SyntaxError: Unexpected token u in JSON at position 0
    at JSON.parse (<anonymous>)
    at msgListService.iqiyi_tvMsg (D:\H5project\2018\katoto_eggList\app\service\msgList.js:24:21)
    at <anonymous>
    at process._tickCallback (internal/process/next_tick.js:188:7)

pid: 16204
hostname: LAPTOP-236D5NH2

2018-11-19 22:25:09,992 ERROR 1200 nodejs.unhandledExceptionError: read ECONNRESET
    at _errnoException (util.js:1024:11)
    at TCP.onread (net.js:615:25)
code: "ECONNRESET"
errno: "ECONNRESET"
syscall: "read"
name: "unhandledExceptionError"
pid: 1200
hostname: LAPTOP-236D5NH2

2018-11-19 22:32:41,130 ERROR 1200 nodejs.unhandledExceptionError: read ECONNRESET
    at _errnoException (util.js:1024:11)
    at TCP.onread (net.js:615:25)
code: "ECONNRESET"
errno: "ECONNRESET"
syscall: "read"
name: "unhandledExceptionError"
pid: 1200
hostname: LAPTOP-236D5NH2

2018-11-19 22:32:52,353 ERROR 1200 nodejs.unhandledExceptionError: read ECONNRESET
    at _errnoException (util.js:1024:11)
    at TCP.onread (net.js:615:25)
code: "ECONNRESET"
errno: "ECONNRESET"
syscall: "read"
name: "unhandledExceptionError"
pid: 1200
hostname: LAPTOP-236D5NH2

2018-11-19 22:33:58,899 ERROR 14452 [-/127.0.0.1/-/11ms GET /iqiyiTvlist] nodejs.TypeError: Cannot read property 'find' of undefined
    at msgListService.iqiyiTvlist (D:\H5project\2018\katoto_eggList\app\service\msgList.js:17:38)
    at msgListController.iqiyiTvlist (D:\H5project\2018\katoto_eggList\app\controller\msgList.js:24:47)
    at Object.callFn (D:\H5project\2018\katoto_eggList\node_modules\egg-core\lib\utils\index.js:36:21)
    at Object.classControllerMiddleware (D:\H5project\2018\katoto_eggList\node_modules\egg-core\lib\loader\mixin\controller.js:87:20)
    at Object.callFn (D:\H5project\2018\katoto_eggList\node_modules\egg-core\lib\utils\index.js:36:21)
    at wrappedController (D:\H5project\2018\katoto_eggList\node_modules\egg-core\lib\utils\router.js:322:18)
    at dispatch (D:\H5project\2018\katoto_eggList\node_modules\koa-router\node_modules\koa-compose\index.js:44:32)
    at next (D:\H5project\2018\katoto_eggList\node_modules\koa-router\node_modules\koa-compose\index.js:45:18)
    at D:\H5project\2018\katoto_eggList\node_modules\koa-router\lib\router.js:346:16
    at dispatch (D:\H5project\2018\katoto_eggList\node_modules\koa-router\node_modules\koa-compose\index.js:44:32)
    at D:\H5project\2018\katoto_eggList\node_modules\koa-router\node_modules\koa-compose\index.js:36:12
    at dispatch (D:\H5project\2018\katoto_eggList\node_modules\koa-router\lib\router.js:351:31)
    at dispatch (D:\H5project\2018\katoto_eggList\node_modules\koa-compose\index.js:42:32)
    at D:\H5project\2018\katoto_eggList\node_modules\egg-development\app\middleware\egg_loader_trace.js:9:56
    at dispatch (D:\H5project\2018\katoto_eggList\node_modules\koa-compose\index.js:42:32)
    at i18n (D:\H5project\2018\katoto_eggList\node_modules\egg-i18n\app\middleware\i18n.js:13:12)

pid: 14452
hostname: LAPTOP-236D5NH2

2018-11-19 22:34:38,570 ERROR 8536 [-/127.0.0.1/-/15ms GET /iqiyiTvlist] nodejs.TypeError: Cannot read property 'find' of undefined
    at msgListService.iqiyiTvlist (D:\H5project\2018\katoto_eggList\app\service\msgList.js:17:38)
    at msgListController.iqiyiTvlist (D:\H5project\2018\katoto_eggList\app\controller\msgList.js:24:47)
    at Object.callFn (D:\H5project\2018\katoto_eggList\node_modules\egg-core\lib\utils\index.js:36:21)
    at Object.classControllerMiddleware (D:\H5project\2018\katoto_eggList\node_modules\egg-core\lib\loader\mixin\controller.js:87:20)
    at Object.callFn (D:\H5project\2018\katoto_eggList\node_modules\egg-core\lib\utils\index.js:36:21)
    at wrappedController (D:\H5project\2018\katoto_eggList\node_modules\egg-core\lib\utils\router.js:322:18)
    at dispatch (D:\H5project\2018\katoto_eggList\node_modules\koa-router\node_modules\koa-compose\index.js:44:32)
    at next (D:\H5project\2018\katoto_eggList\node_modules\koa-router\node_modules\koa-compose\index.js:45:18)
    at D:\H5project\2018\katoto_eggList\node_modules\koa-router\lib\router.js:346:16
    at dispatch (D:\H5project\2018\katoto_eggList\node_modules\koa-router\node_modules\koa-compose\index.js:44:32)
    at D:\H5project\2018\katoto_eggList\node_modules\koa-router\node_modules\koa-compose\index.js:36:12
    at dispatch (D:\H5project\2018\katoto_eggList\node_modules\koa-router\lib\router.js:351:31)
    at dispatch (D:\H5project\2018\katoto_eggList\node_modules\koa-compose\index.js:42:32)
    at D:\H5project\2018\katoto_eggList\node_modules\egg-development\app\middleware\egg_loader_trace.js:9:56
    at dispatch (D:\H5project\2018\katoto_eggList\node_modules\koa-compose\index.js:42:32)
    at i18n (D:\H5project\2018\katoto_eggList\node_modules\egg-i18n\app\middleware\i18n.js:13:12)

pid: 8536
hostname: LAPTOP-236D5NH2

