<<<<<<< HEAD
2018-11-13 10:56:56,497 INFO 21900 [Timer] D:\H5project\2018\eggDemo2\egg-example\node_modules\egg-logrotator\app\schedule\clean_log.js next time will execute at 2018-11-14 00:00:00.000
2018-11-13 10:56:56,498 INFO 21900 [Timer] D:\H5project\2018\eggDemo2\egg-example\node_modules\egg-logrotator\app\schedule\rotate_by_file.js next time will execute at 2018-11-14 00:00:01.000
2018-11-13 11:00:29,738 INFO 2040 [Timer] D:\H5project\2018\eggDemo2\egg-example\node_modules\egg-logrotator\app\schedule\clean_log.js next time will execute at 2018-11-14 00:00:00.000
2018-11-13 11:00:29,739 INFO 2040 [Timer] D:\H5project\2018\eggDemo2\egg-example\node_modules\egg-logrotator\app\schedule\rotate_by_file.js next time will execute at 2018-11-14 00:00:01.000
2018-11-13 11:14:33,172 INFO 216 [Timer] D:\H5project\2018\eggDemo2\egg-example\node_modules\egg-logrotator\app\schedule\clean_log.js next time will execute at 2018-11-14 00:00:00.000
2018-11-13 11:14:33,173 INFO 216 [Timer] D:\H5project\2018\eggDemo2\egg-example\node_modules\egg-logrotator\app\schedule\rotate_by_file.js next time will execute at 2018-11-14 00:00:01.000
2018-11-13 11:26:36,987 INFO 17132 [Timer] D:\H5project\2018\eggDemo2\egg-example\node_modules\egg-logrotator\app\schedule\clean_log.js next time will execute at 2018-11-14 00:00:00.000
2018-11-13 11:26:36,988 INFO 17132 [Timer] D:\H5project\2018\eggDemo2\egg-example\node_modules\egg-logrotator\app\schedule\rotate_by_file.js next time will execute at 2018-11-14 00:00:01.000
2018-11-13 11:32:20,588 INFO 15656 [Timer] D:\H5project\2018\eggDemo2\egg-example\node_modules\egg-logrotator\app\schedule\clean_log.js next time will execute at 2018-11-14 00:00:00.000
2018-11-13 11:32:20,589 INFO 15656 [Timer] D:\H5project\2018\eggDemo2\egg-example\node_modules\egg-logrotator\app\schedule\rotate_by_file.js next time will execute at 2018-11-14 00:00:01.000
2018-11-13 11:38:19,852 INFO 12484 [Timer] D:\H5project\2018\eggDemo2\egg-example\node_modules\egg-logrotator\app\schedule\clean_log.js next time will execute at 2018-11-14 00:00:00.000
2018-11-13 11:38:19,853 INFO 12484 [Timer] D:\H5project\2018\eggDemo2\egg-example\node_modules\egg-logrotator\app\schedule\rotate_by_file.js next time will execute at 2018-11-14 00:00:01.000
2018-11-13 11:44:06,472 INFO 3252 [Timer] D:\H5project\2018\eggDemo2\egg-example\node_modules\egg-logrotator\app\schedule\clean_log.js next time will execute at 2018-11-14 00:00:00.000
2018-11-13 11:44:06,473 INFO 3252 [Timer] D:\H5project\2018\eggDemo2\egg-example\node_modules\egg-logrotator\app\schedule\rotate_by_file.js next time will execute at 2018-11-14 00:00:01.000
2018-11-13 11:48:22,623 INFO 13704 [Timer] D:\H5project\2018\eggDemo2\egg-example\node_modules\egg-logrotator\app\schedule\clean_log.js next time will execute at 2018-11-14 00:00:00.000
2018-11-13 11:48:22,623 INFO 13704 [Timer] D:\H5project\2018\eggDemo2\egg-example\node_modules\egg-logrotator\app\schedule\rotate_by_file.js next time will execute at 2018-11-14 00:00:01.000
2018-11-13 11:49:24,266 INFO 14148 [Timer] D:\H5project\2018\eggDemo2\egg-example\node_modules\egg-logrotator\app\schedule\clean_log.js next time will execute at 2018-11-14 00:00:00.000
2018-11-13 11:49:24,267 INFO 14148 [Timer] D:\H5project\2018\eggDemo2\egg-example\node_modules\egg-logrotator\app\schedule\rotate_by_file.js next time will execute at 2018-11-14 00:00:01.000
2018-11-13 12:03:14,209 INFO 5308 [Timer] D:\H5project\2018\eggDemo2\egg-example\node_modules\egg-logrotator\app\schedule\clean_log.js next time will execute at 2018-11-14 00:00:00.000
2018-11-13 12:03:14,210 INFO 5308 [Timer] D:\H5project\2018\eggDemo2\egg-example\node_modules\egg-logrotator\app\schedule\rotate_by_file.js next time will execute at 2018-11-14 00:00:01.000
2018-11-13 12:13:34,050 INFO 15148 [Timer] D:\H5project\2018\eggDemo2\egg-example\node_modules\egg-logrotator\app\schedule\clean_log.js next time will execute at 2018-11-14 00:00:00.000
2018-11-13 12:13:34,051 INFO 15148 [Timer] D:\H5project\2018\eggDemo2\egg-example\node_modules\egg-logrotator\app\schedule\rotate_by_file.js next time will execute at 2018-11-14 00:00:01.000
2018-11-13 14:48:02,374 INFO 13960 [Timer] D:\H5project\2018\eggDemo2\egg-example\node_modules\egg-logrotator\app\schedule\clean_log.js next time will execute at 2018-11-14 00:00:00.000
2018-11-13 14:48:02,374 INFO 13960 [Timer] D:\H5project\2018\eggDemo2\egg-example\node_modules\egg-logrotator\app\schedule\rotate_by_file.js next time will execute at 2018-11-14 00:00:01.000
2018-11-13 14:52:52,035 INFO 15428 [Timer] D:\H5project\2018\eggDemo2\egg-example\node_modules\egg-logrotator\app\schedule\clean_log.js next time will execute at 2018-11-14 00:00:00.000
2018-11-13 14:52:52,036 INFO 15428 [Timer] D:\H5project\2018\eggDemo2\egg-example\node_modules\egg-logrotator\app\schedule\rotate_by_file.js next time will execute at 2018-11-14 00:00:01.000
2018-11-13 21:10:40,866 INFO 6236 [Timer] D:\H5project\2018\katoto_eggList\node_modules\egg-logrotator\app\schedule\clean_log.js next time will execute at 2018-11-14 00:00:00.000
2018-11-13 21:10:40,867 INFO 6236 [Timer] D:\H5project\2018\katoto_eggList\node_modules\egg-logrotator\app\schedule\rotate_by_file.js next time will execute at 2018-11-14 00:00:01.000
2018-11-13 21:31:45,030 INFO 10056 [Timer] D:\H5project\2018\katoto_eggList\node_modules\egg-logrotator\app\schedule\clean_log.js next time will execute at 2018-11-14 00:00:00.000
2018-11-13 21:31:45,031 INFO 10056 [Timer] D:\H5project\2018\katoto_eggList\node_modules\egg-logrotator\app\schedule\rotate_by_file.js next time will execute at 2018-11-14 00:00:01.000
2018-11-13 21:53:43,100 INFO 10800 [Timer] D:\H5project\2018\katoto_eggList\node_modules\egg-logrotator\app\schedule\clean_log.js next time will execute at 2018-11-14 00:00:00.000
2018-11-13 21:53:43,102 INFO 10800 [Timer] D:\H5project\2018\katoto_eggList\node_modules\egg-logrotator\app\schedule\rotate_by_file.js next time will execute at 2018-11-14 00:00:01.000
2018-11-13 22:31:39,904 INFO 15784 [Timer] D:\H5project\2018\katoto_eggList\node_modules\egg-logrotator\app\schedule\clean_log.js next time will execute at 2018-11-14 00:00:00.000
2018-11-13 22:31:39,905 INFO 15784 [Timer] D:\H5project\2018\katoto_eggList\node_modules\egg-logrotator\app\schedule\rotate_by_file.js next time will execute at 2018-11-14 00:00:01.000
2018-11-19 17:44:43,388 INFO 19176 [Timer] D:\H5project\2018\eggDemo2\egg-example\katoto_eggList\node_modules\egg-logrotator\app\schedule\clean_log.js next time will execute at 2018-11-20 00:00:00.000
2018-11-19 17:44:43,389 INFO 19176 [Timer] D:\H5project\2018\eggDemo2\egg-example\katoto_eggList\node_modules\egg-logrotator\app\schedule\rotate_by_file.js next time will execute at 2018-11-20 00:00:01.000
=======
>>>>>>> 5e9c62e4e99412fa41addf19ab81018ff06a8701
2018-11-19 21:46:08,086 INFO 1200 [Timer] D:\H5project\2018\katoto_eggList\node_modules\egg-logrotator\app\schedule\clean_log.js next time will execute at 2018-11-20 00:00:00.000
2018-11-19 21:46:08,086 INFO 1200 [Timer] D:\H5project\2018\katoto_eggList\node_modules\egg-logrotator\app\schedule\rotate_by_file.js next time will execute at 2018-11-20 00:00:01.000
2018-11-20 14:25:49,976 INFO 16996 [Timer] D:\H5project\2018\eggDemo2\egg-example\katoto_eggList\node_modules\egg-logrotator\app\schedule\clean_log.js next time will execute at 2018-11-21 00:00:00.000
2018-11-20 14:25:49,977 INFO 16996 [Timer] D:\H5project\2018\eggDemo2\egg-example\katoto_eggList\node_modules\egg-logrotator\app\schedule\rotate_by_file.js next time will execute at 2018-11-21 00:00:01.000
